2025-02-18T20:28:18.928Z: Received message: {
  "action": "subscribe",
  "symbols": [
    "TIME"
  ]
}
2025-02-18T20:28:18.929Z: Created new symbol TIME with initial price 720.285782665118
2025-02-18T20:30:48.753Z: Client connected
2025-02-18T20:30:50.007Z: Client connected
2025-02-18T20:59:06.778Z: Client disconnected
2025-02-18T20:59:11.987Z: Client connected
2025-02-18T23:23:38.476Z: Client connected
2025-02-18T23:24:09.471Z: Client connected
2025-02-18T23:24:13.845Z: Client connected
2025-02-18T23:30:42.465Z: Client connected
2025-02-18T23:30:46.036Z: Client connected
2025-02-18T23:31:34.471Z: Client connected
2025-02-18T23:31:37.754Z: Client connected
2025-02-18T23:32:17.464Z: Client connected
2025-02-18T23:32:21.339Z: Client connected
2025-02-18T23:33:49.462Z: Client connected
2025-02-18T23:33:53.366Z: Client connected
2025-02-18T23:34:28.460Z: Client connected
2025-02-18T23:34:32.777Z: Client connected
2025-02-18T23:34:52.459Z: Client connected
2025-02-18T23:34:57.030Z: Client connected
2025-02-18T23:36:26.458Z: Client connected
2025-02-18T23:36:30.557Z: Client connected
2025-02-18T23:38:26.457Z: Client connected
2025-02-18T23:38:30.577Z: Client connected
2025-02-18T23:38:30.586Z: Received message: {
  "action": "subscribe",
  "symbols": [
    "BANKNIFTY"
  ]
}
2025-02-18T23:38:30.587Z: Created new symbol BANKNIFTY with initial price 477.3946802254649
2025-02-18T23:39:51.462Z: Client connected
2025-02-18T23:39:55.326Z: Client connected
2025-02-18T23:39:55.329Z: Received message: {
  "action": "subscribe",
  "symbols": [
    "BANKNIFTY"
  ]
}
2025-02-18T23:39:55.330Z: Created new symbol BANKNIFTY with initial price 885.5782282502801
2025-02-18T23:40:25.453Z: Client connected
2025-02-18T23:40:29.580Z: Client connected
2025-02-18T23:40:29.583Z: Received message: {
  "action": "subscribe",
  "symbols": [
    "BANKNIFTY"
  ]
}
2025-02-18T23:40:29.583Z: Created new symbol BANKNIFTY with initial price 695.5369212497008
2025-02-18T23:41:03.455Z: Client connected
2025-02-18T23:41:06.739Z: Client connected
2025-02-18T23:41:06.743Z: Received message: {
  "action": "subscribe",
  "symbols": [
    "BANKNIFTY"
  ]
}
2025-02-18T23:41:06.743Z: Created new symbol BANKNIFTY with initial price 700.8811565023179
2025-02-18T23:41:57.453Z: Client connected
2025-02-18T23:42:01.677Z: Client connected
2025-02-18T23:42:01.681Z: Received message: {
  "action": "subscribe",
  "symbols": [
    "BANKNIFTY"
  ]
}
2025-02-18T23:42:01.682Z: Created new symbol BANKNIFTY with initial price 420.76536533319575
2025-02-18T23:42:41.454Z: Client connected
2025-02-18T23:42:42.227Z: Client connected
2025-02-18T23:42:42.231Z: Received message: {
  "action": "subscribe",
  "symbols": [
    "BANKNIFTY"
  ]
}
2025-02-18T23:42:42.231Z: Created new symbol BANKNIFTY with initial price 405.14138191125903
2025-02-18T23:43:44.451Z: Client connected
2025-02-18T23:43:48.129Z: Client connected
2025-02-18T23:43:48.133Z: Received message: {
  "action": "subscribe",
  "symbols": [
    "BANKNIFTY"
  ]
}
2025-02-18T23:43:48.133Z: Created new symbol BANKNIFTY with initial price 791.7465696035792
2025-02-18T23:46:38.162Z: Client connected
2025-02-18T23:46:38.168Z: Received message: {
  "action": "subscribe",
  "symbols": [
    "BANKNIFTY"
  ]
}
2025-02-18T23:46:38.169Z: Created new symbol BANKNIFTY with initial price 853.709417515917
2025-02-18T23:46:39.446Z: Client connected
2025-02-18T23:48:27.900Z: Client connected
2025-02-18T23:48:27.905Z: Received message: {
  "action": "subscribe",
  "symbols": [
    "BANKNIFTY"
  ]
}
2025-02-18T23:48:27.905Z: Created new symbol BANKNIFTY with initial price 800.2930779175286
2025-02-18T23:48:29.445Z: Client connected
2025-02-18T23:49:44.696Z: Client connected
2025-02-18T23:49:44.711Z: Received message: {
  "action": "subscribe",
  "symbols": [
    "BANKNIFTY"
  ]
}
2025-02-18T23:49:44.711Z: Created new symbol BANKNIFTY with initial price 195.9516269862906
2025-02-18T23:49:46.445Z: Client connected
2025-02-18T23:50:36.128Z: Client connected
2025-02-18T23:50:36.132Z: Received message: {
  "action": "subscribe",
  "symbols": [
    "BANKNIFTY"
  ]
}
2025-02-18T23:50:36.132Z: Created new symbol BANKNIFTY with initial price 553.0174995560897
2025-02-18T23:50:37.442Z: Client connected
2025-02-18T23:52:44.447Z: Client connected
2025-02-18T23:52:47.907Z: Client connected
2025-02-18T23:52:47.910Z: Received message: {
  "action": "subscribe",
  "symbols": [
    "BANKNIFTY"
  ]
}
2025-02-18T23:52:47.910Z: Created new symbol BANKNIFTY with initial price 757.9971426172066
