{"level":"debug","datetime":"2025-03-10T06:06:09.025Z","message":"generate authcode response","data":"https://api.fyers.in/api/v2generate-authcode?client_id=UNSMKLB9KY-100&redirect_uri=http://google.com&response_type=code&state=sample_state","functionName":"generateAuthCode"}
{"level":"debug","datetime":"2025-03-10T06:07:45.080Z","message":"generate_access_token inputs","data":{"code_verifier":"","auth_code":"eyJ0eXAiOiJKV1QiLCJhbGciOiJIUzI1NiJ9.eyJpc3MiOiJhcGkubG9naW4uZnllcnMuaW4iLCJpYXQiOjE3NDE1ODY4MjAsImV4cCI6MTc0MTYxNjgyMCwibmJmIjoxNzQxNTg2MjIwLCJhdWQiOiJbXCJ4OjBcIiwgXCJ4OjFcIiwgXCJ4OjJcIiwgXCJkOjFcIiwgXCJkOjJcIiwgXCJ4OjFcIiwgXCJ4OjBcIl0iLCJzdWIiOiJhdXRoX2NvZGUiLCJkaXNwbGF5X25hbWUiOiJYUzQ5NTc2Iiwib21zIjoiSzEiLCJoc21fa2V5IjoiOTc1MmE3ODhhM2FjZTIxNWI2YTNiMzZkNGZlYWE0MDc0MDAwNDBiZDQyM2UyMTk5ODMzMWMxZjQiLCJpc0RkcGlFbmFibGVkIjoiTiIsImlzTXRmRW5hYmxlZCI6Ik4iLCJub25jZSI6IiIsImFwcF9pZCI6IlVOU01LTEI5S1kiLCJ1dWlkIjoiODNlMjMwMjY5NmYyNDgxZjg4NWMxN2FmNDQxMjQ4NzciLCJpcEFkZHIiOiIwLjAuMC4wIiwic2NvcGUiOiIifQ.h_60pdHVYcie1lcELl6MMPNp5tZofw52SjJtqHFoJCU","client_id":"UNSMKLB9KY-100","secret_key":"Q4DL9ZK5OP","sha256":"896ccfbb84db425e742ef4af04cf21d54a95e582ad9d0c213ead4a76fcae4509"},"functionName":"generateAuthCode"}
{"level":"debug","datetime":"2025-03-10T06:07:46.397Z","message":"HSM raw data","data":[{"stat":"Ok","type":"cn","msg":"successful","stCode":200}],"functionName":"conversion"}
{"level":"debug","datetime":"2025-03-10T06:07:46.513Z","message":"HSM raw data","data":[{"stat":"Ok","type":"sub","msg":"successful","stCode":200}],"functionName":"conversion"}
{"level":"debug","datetime":"2025-03-10T06:07:46.513Z","message":"HSM raw data","data":[{"stat":"Ok","type":"cp","msg":"successful","stCode":200}],"functionName":"conversion"}
{"level":"debug","datetime":"2025-03-10T06:07:46.514Z","message":"HSM raw data","data":[{"stat":"Ok","type":"cr","msg":"successful","stCode":200}],"functionName":"conversion"}
{"level":"debug","datetime":"2025-03-10T06:07:46.518Z","message":"HSM raw data","data":[{"ltp":734.75,"v":3203940,"ltt":1741586863,"fdtm":1741586865,"bq":457,"bs":144,"bp":734.75,"sp":735,"ltq":8,"tbq":535480,"tsq":839369,"ap":734.92,"oi":0,"lo":730.5,"h":738.5,"yh":912,"yl":680,"lcl":659.5,"ucl":806,"op":732.75,"c":732.75,"cng":2,"nc":0.27,"to":235463958480,"ts":"SBIN-EQ","name":"sf","tk":"3045","e":"nse_cm"}],"functionName":"conversion"}
{"level":"debug","datetime":"2025-03-10T06:07:47.314Z","message":"HSM raw data","data":[{"v":3203994,"ltt":1741586866,"fdtm":1741586867,"bq":160,"bs":90,"sp":734.95,"ltq":11,"tbq":535207,"tsq":839908,"to":235467927048,"name":"sf","tk":"3045","e":"nse_cm"}],"functionName":"conversion"}
{"level":"debug","datetime":"2025-03-10T06:07:48.542Z","message":"HSM raw data","data":[{"ltp":734.95,"v":3204023,"ltt":1741586867,"fdtm":1741586868,"bs":87,"ltq":2,"tbq":534945,"tsq":840034,"cng":2.2,"nc":0.3,"to":235470058316,"name":"sf","tk":"3045","e":"nse_cm"}],"functionName":"conversion"}
{"level":"debug","datetime":"2025-03-10T06:07:49.796Z","message":"HSM raw data","data":[{"fdtm":1741586869,"ltq":5,"name":"sf","tk":"3045","e":"nse_cm"}],"functionName":"conversion"}
{"level":"debug","datetime":"2025-03-10T06:07:51.203Z","message":"HSM raw data","data":[{"ltp":734.75,"fdtm":1741586870,"ltq":8,"cng":2,"nc":0.27,"name":"sf","tk":"3045","e":"nse_cm"}],"functionName":"conversion"}
{"level":"debug","datetime":"2025-03-10T06:07:52.091Z","message":"HSM raw data","data":[{"v":3204065,"ltt":1741586871,"fdtm":1741586871,"bq":138,"bs":42,"sp":734.9,"ltq":13,"tbq":530337,"tsq":841480,"to":235473144980,"name":"sf","tk":"3045","e":"nse_cm"}],"functionName":"conversion"}
{"level":"debug","datetime":"2025-03-10T06:07:53.201Z","message":"HSM raw data","data":[{"ltp":734.9,"v":3204071,"ltt":1741586872,"fdtm":1741586872,"bs":36,"ltq":6,"tbq":532705,"tsq":842050,"cng":2.15,"nc":0.29,"to":235473585932,"name":"sf","tk":"3045","e":"nse_cm"}],"functionName":"conversion"}
{"level":"debug","datetime":"2025-03-10T06:07:54.501Z","message":"HSM raw data","data":[{"ltp":735,"fdtm":1741586874,"ltq":1,"cng":2.25,"nc":0.31,"name":"sf","tk":"3045","e":"nse_cm"}],"functionName":"conversion"}
{"level":"debug","datetime":"2025-03-10T06:07:56.076Z","message":"HSM raw data","data":[{"ltp":734.75,"fdtm":1741586875,"ltq":8,"cng":2,"nc":0.27,"name":"sf","tk":"3045","e":"nse_cm"}],"functionName":"conversion"}
{"level":"debug","datetime":"2025-03-10T06:07:56.940Z","message":"HSM raw data","data":[{"ltp":734.95,"fdtm":1741586876,"ltq":3,"cng":2.2,"nc":0.3,"name":"sf","tk":"3045","e":"nse_cm"}],"functionName":"conversion"}
{"level":"debug","datetime":"2025-03-10T06:07:57.278Z","message":"HSM raw data","data":[{"v":3204095,"ltt":1741586875,"bq":220,"bs":139,"sp":734.95,"tbq":533578,"tsq":839789,"to":235475349740,"name":"sf","tk":"3045","e":"nse_cm"}],"functionName":"conversion"}
{"level":"debug","datetime":"2025-03-10T06:07:58.190Z","message":"HSM raw data","data":[{"v":3204099,"ltt":1741586877,"fdtm":1741586877,"bs":82,"ltq":1,"tbq":533498,"tsq":839777,"to":235475643708,"name":"sf","tk":"3045","e":"nse_cm"}],"functionName":"conversion"}
{"level":"debug","datetime":"2025-03-10T06:08:00.524Z","message":"HSM raw data","data":[{"fdtm":1741586880,"name":"sf","tk":"3045","e":"nse_cm"}],"functionName":"conversion"}
{"level":"debug","datetime":"2025-03-10T06:08:01.694Z","message":"HSM raw data","data":[{"ltp":734.75,"v":3204186,"ltt":1741586880,"fdtm":1741586881,"bq":214,"bs":34,"sp":734.9,"ltq":9,"tbq":532042,"tsq":838848,"cng":2,"nc":0.27,"to":235482037512,"name":"sf","tk":"3045","e":"nse_cm"}],"functionName":"conversion"}
{"level":"debug","datetime":"2025-03-10T06:08:02.163Z","message":"HSM raw data","data":[{"ltq":11,"name":"sf","tk":"3045","e":"nse_cm"}],"functionName":"conversion"}
{"level":"debug","datetime":"2025-03-10T06:08:02.953Z","message":"HSM raw data","data":[{"ltp":734.9,"v":3204200,"ltt":1741586881,"fdtm":1741586882,"bq":203,"bs":31,"ltq":12,"tbq":532070,"tsq":840173,"cng":2.15,"nc":0.29,"to":235483066400,"name":"sf","tk":"3045","e":"nse_cm"}],"functionName":"conversion"}
{"level":"debug","datetime":"2025-03-10T06:08:04.174Z","message":"HSM raw data","data":[{"ltp":734.95,"fdtm":1741586883,"ltq":1,"cng":2.2,"nc":0.3,"name":"sf","tk":"3045","e":"nse_cm"}],"functionName":"conversion"}
{"level":"debug","datetime":"2025-03-10T06:08:04.902Z","message":"HSM raw data","data":[{"fdtm":1741586884,"name":"sf","tk":"3045","e":"nse_cm"}],"functionName":"conversion"}
{"level":"debug","datetime":"2025-03-10T06:08:05.969Z","message":"HSM raw data","data":[{"ltp":734.75,"v":3204278,"ltt":1741586885,"fdtm":1741586885,"bq":180,"bs":4,"sp":734.95,"ltq":8,"tbq":532573,"tsq":839561,"cng":2,"nc":0.27,"to":235488798776,"name":"sf","tk":"3045","e":"nse_cm"}],"functionName":"conversion"}
{"level":"debug","datetime":"2025-03-10T06:08:06.566Z","message":"HSM raw data","data":[{"fdtm":1741586886,"tsq":840313,"name":"sf","tk":"3045","e":"nse_cm"}],"functionName":"conversion"}
{"level":"debug","datetime":"2025-03-10T06:08:08.078Z","message":"HSM raw data","data":[{"ltp":734.95,"fdtm":1741586887,"ltq":5,"cng":2.2,"nc":0.3,"name":"sf","tk":"3045","e":"nse_cm"}],"functionName":"conversion"}
{"level":"debug","datetime":"2025-03-10T06:08:08.511Z","message":"HSM raw data","data":[{"ltp":734.75,"fdtm":1741586888,"cng":2,"nc":0.27,"name":"sf","tk":"3045","e":"nse_cm"}],"functionName":"conversion"}
{"level":"debug","datetime":"2025-03-10T06:08:10.199Z","message":"HSM raw data","data":[{"v":3204486,"ltt":1741586889,"fdtm":1741586889,"bq":1,"bs":570,"bp":734.65,"sp":734.75,"ltq":1,"tbq":532024,"tsq":844569,"to":235504085112,"name":"sf","tk":"3045","e":"nse_cm"}],"functionName":"conversion"}
{"level":"debug","datetime":"2025-03-10T06:08:10.898Z","message":"HSM raw data","data":[{"ltp":734.65,"v":3205065,"ltt":1741586890,"fdtm":1741586890,"bq":278,"bs":1090,"bp":734.75,"sp":735,"ltq":7,"tbq":529281,"tsq":838708,"cng":1.9,"nc":0.26,"to":235546636980,"name":"sf","tk":"3045","e":"nse_cm"}],"functionName":"conversion"}
{"level":"debug","datetime":"2025-03-10T06:08:12.100Z","message":"HSM raw data","data":[{"ltp":734.75,"fdtm":1741586891,"ltq":1,"cng":2,"nc":0.27,"name":"sf","tk":"3045","e":"nse_cm"}],"functionName":"conversion"}
{"level":"debug","datetime":"2025-03-10T06:08:14.655Z","message":"HSM raw data","data":[{"ltp":734.9,"v":3205068,"ltt":1741586894,"fdtm":1741586894,"bq":1,"bs":139,"bp":734.8,"sp":734.9,"tbq":536989,"tsq":840116,"cng":2.15,"nc":0.29,"to":235546857456,"name":"sf","tk":"3045","e":"nse_cm"}],"functionName":"conversion"}
{"level":"debug","datetime":"2025-03-10T06:08:15.370Z","message":"HSM raw data","data":[{"ltp":734.8,"cng":2.05,"nc":0.28,"name":"sf","tk":"3045","e":"nse_cm"}],"functionName":"conversion"}
{"level":"debug","datetime":"2025-03-10T06:08:15.681Z","message":"HSM raw data","data":[{"ltp":734.9,"v":3205147,"ltt":1741586895,"fdtm":1741586895,"bq":151,"bs":61,"bp":734.75,"ltq":76,"tbq":530974,"tsq":839892,"cng":2.15,"nc":0.29,"to":235552663324,"name":"sf","tk":"3045","e":"nse_cm"}],"functionName":"conversion"}
{"level":"debug","datetime":"2025-03-10T06:08:16.137Z","message":"HSM raw data","data":[{"ltq":1,"name":"sf","tk":"3045","e":"nse_cm"}],"functionName":"conversion"}
{"level":"debug","datetime":"2025-03-10T06:08:16.909Z","message":"HSM raw data","data":[{"ltp":734.8,"fdtm":1741586896,"ltq":60,"cng":2.05,"nc":0.28,"name":"sf","tk":"3045","e":"nse_cm"}],"functionName":"conversion"}
{"level":"debug","datetime":"2025-03-10T06:08:18.151Z","message":"HSM raw data","data":[{"ltp":734.9,"fdtm":1741586897,"ltq":1,"cng":2.15,"nc":0.29,"name":"sf","tk":"3045","e":"nse_cm"}],"functionName":"conversion"}
{"level":"debug","datetime":"2025-03-10T06:08:18.551Z","message":"HSM raw data","data":[{"ltp":734.8,"fdtm":1741586898,"ltq":6,"cng":2.05,"nc":0.28,"name":"sf","tk":"3045","e":"nse_cm"}],"functionName":"conversion"}
{"level":"debug","datetime":"2025-03-10T06:08:19.237Z","message":"HSM raw data","data":[{"ltp":734.9,"v":3205257,"ltt":1741586898,"bq":351,"bs":54,"bp":734.8,"ltq":5,"tbq":538331,"tsq":841450,"cng":2.15,"nc":0.29,"to":235560747444,"name":"sf","tk":"3045","e":"nse_cm"}],"functionName":"conversion"}
{"level":"debug","datetime":"2025-03-10T06:08:20.595Z","message":"HSM raw data","data":[{"v":3205272,"ltt":1741586899,"fdtm":1741586900,"bq":466,"bs":39,"ltq":2,"tbq":539053,"tsq":839699,"to":235561849824,"name":"sf","tk":"3045","e":"nse_cm"}],"functionName":"conversion"}
{"level":"debug","datetime":"2025-03-10T06:08:21.412Z","message":"HSM raw data","data":[{"ltp":734.8,"ltq":8,"cng":2.05,"nc":0.28,"name":"sf","tk":"3045","e":"nse_cm"}],"functionName":"conversion"}
{"level":"debug","datetime":"2025-03-10T06:08:22.232Z","message":"HSM raw data","data":[{"fdtm":1741586901,"ltq":11,"name":"sf","tk":"3045","e":"nse_cm"}],"functionName":"conversion"}
